<?xml version="1.0" encoding="UTF-8"?>
<testsuite xmlns:xsi="http://www.w3.org/2001/XMLSchema-instance" xsi:noNamespaceSchemaLocation="https://maven.apache.org/surefire/maven-surefire-plugin/xsd/surefire-test-report-3.0.xsd" version="3.0" name="com.kkk.backend.BackendApplicationTests" time="7.629" tests="1" errors="0" skipped="0" failures="0">
  <properties>
[...]
</properties>
  <testcase name="contextLoads" classname="com.kkk.backend.BackendApplicationTests" time="0.213">
    <system-out><![CDATA[20:54:07.615 [main] DEBUG org.springframework.test.context.BootstrapUtils - Instantiating CacheAwareContextLoaderDelegate from class [org.springframework.test.context.cache.DefaultCacheAwareContextLoaderDelegate]
20:54:07.625 [main] DEBUG org.springframework.test.context.BootstrapUtils - Instantiating BootstrapContext using constructor [public org.springframework.test.context.support.DefaultBootstrapContext(java.lang.Class,org.springframework.test.context.CacheAwareContextLoaderDelegate)]
20:54:07.677 [main] DEBUG org.springframework.test.context.BootstrapUtils - Instantiating TestContextBootstrapper for test class [com.kkk.backend.BackendApplicationTests] from class [org.springframework.boot.test.context.SpringBootTestContextBootstrapper]
20:54:07.691 [main] INFO org.springframework.boot.test.context.SpringBootTestContextBootstrapper - Neither @ContextConfiguration nor @ContextHierarchy found for test class [com.kkk.backend.BackendApplicationTests], using SpringBootContextLoader
20:54:07.694 [main] DEBUG org.springframework.test.context.support.AbstractContextLoader - Did not detect default resource location for test class [com.kkk.backend.BackendApplicationTests]: class path resource [com/kkk/backend/BackendApplicationTests-context.xml] does not exist
20:54:07.694 [main] DEBUG org.springframework.test.context.support.AbstractContextLoader - Did not detect default resource location for test class [com.kkk.backend.BackendApplicationTests]: class path resource [com/kkk/backend/BackendApplicationTestsContext.groovy] does not exist
20:54:07.695 [main] INFO org.springframework.test.context.support.AbstractContextLoader - Could not detect default resource locations for test class [com.kkk.backend.BackendApplicationTests]: no resource found for suffixes {-context.xml, Context.groovy}.
20:54:07.695 [main] INFO org.springframework.test.context.support.AnnotationConfigContextLoaderUtils - Could not detect default configuration classes for test class [com.kkk.backend.BackendApplicationTests]: BackendApplicationTests does not declare any static, non-private, non-final, nested classes annotated with @Configuration.
20:54:07.798 [main] DEBUG org.springframework.test.context.support.ActiveProfilesUtils - Could not find an 'annotation declaring class' for annotation type [org.springframework.test.context.ActiveProfiles] and class [com.kkk.backend.BackendApplicationTests]
20:54:07.875 [main] DEBUG org.springframework.context.annotation.ClassPathScanningCandidateComponentProvider - Identified candidate component class: file [D:\Webproject\campus-lost-found-system\backend\target\classes\com\kkk\backend\BackendApplication.class]
20:54:07.877 [main] INFO org.springframework.boot.test.context.SpringBootTestContextBootstrapper - Found @SpringBootConfiguration com.kkk.backend.BackendApplication for test class com.kkk.backend.BackendApplicationTests
20:54:07.973 [main] DEBUG org.springframework.boot.test.context.SpringBootTestContextBootstrapper - @TestExecutionListeners is not present for class [com.kkk.backend.BackendApplicationTests]: using defaults.
20:54:07.973 [main] INFO org.springframework.boot.test.context.SpringBootTestContextBootstrapper - Loaded default TestExecutionListener class names from location [META-INF/spring.factories]: [org.springframework.boot.test.mock.mockito.MockitoTestExecutionListener, org.springframework.boot.test.mock.mockito.ResetMocksTestExecutionListener, org.springframework.boot.test.autoconfigure.restdocs.RestDocsTestExecutionListener, org.springframework.boot.test.autoconfigure.web.client.MockRestServiceServerResetTestExecutionListener, org.springframework.boot.test.autoconfigure.web.servlet.MockMvcPrintOnlyOnFailureTestExecutionListener, org.springframework.boot.test.autoconfigure.web.servlet.WebDriverTestExecutionListener, org.springframework.boot.test.autoconfigure.webservices.client.MockWebServiceServerTestExecutionListener, org.springframework.test.context.web.ServletTestExecutionListener, org.springframework.test.context.support.DirtiesContextBeforeModesTestExecutionListener, org.springframework.test.context.event.ApplicationEventsTestExecutionListener, org.springframework.test.context.support.DependencyInjectionTestExecutionListener, org.springframework.test.context.support.DirtiesContextTestExecutionListener, org.springframework.test.context.transaction.TransactionalTestExecutionListener, org.springframework.test.context.jdbc.SqlScriptsTestExecutionListener, org.springframework.test.context.event.EventPublishingTestExecutionListener, org.springframework.security.test.context.support.WithSecurityContextTestExecutionListener, org.springframework.security.test.context.support.ReactorContextTestExecutionListener]
20:54:07.994 [main] INFO org.springframework.boot.test.context.SpringBootTestContextBootstrapper - Using TestExecutionListeners: [org.springframework.test.context.web.ServletTestExecutionListener@531f4093, org.springframework.test.context.support.DirtiesContextBeforeModesTestExecutionListener@62ef27a8, org.springframework.test.context.event.ApplicationEventsTestExecutionListener@6436a7db, org.springframework.boot.test.mock.mockito.MockitoTestExecutionListener@460ebd80, org.springframework.boot.test.autoconfigure.SpringBootDependencyInjectionTestExecutionListener@6f3c660a, org.springframework.test.context.support.DirtiesContextTestExecutionListener@74f5ce22, org.springframework.test.context.transaction.TransactionalTestExecutionListener@25aca718, org.springframework.test.context.jdbc.SqlScriptsTestExecutionListener@16fdec90, org.springframework.test.context.event.EventPublishingTestExecutionListener@1afdd473, org.springframework.security.test.context.support.WithSecurityContextTestExecutionListener@40238dd0, org.springframework.security.test.context.support.ReactorContextTestExecutionListener@7776ab, org.springframework.boot.test.mock.mockito.ResetMocksTestExecutionListener@79179359, org.springframework.boot.test.autoconfigure.restdocs.RestDocsTestExecutionListener@dbd8e44, org.springframework.boot.test.autoconfigure.web.client.MockRestServiceServerResetTestExecutionListener@51acdf2e, org.springframework.boot.test.autoconfigure.web.servlet.MockMvcPrintOnlyOnFailureTestExecutionListener@6a55299e, org.springframework.boot.test.autoconfigure.web.servlet.WebDriverTestExecutionListener@2f1de2d6, org.springframework.boot.test.autoconfigure.webservices.client.MockWebServiceServerTestExecutionListener@4eb386df]
20:54:07.999 [main] DEBUG org.springframework.test.context.support.AbstractDirtiesContextTestExecutionListener - Before test class: context [DefaultTestContext@525575 testClass = BackendApplicationTests, testInstance = [null], testMethod = [null], testException = [null], mergedContextConfiguration = [WebMergedContextConfiguration@46dffdc3 testClass = BackendApplicationTests, locations = '{}', classes = '{class com.kkk.backend.BackendApplication}', contextInitializerClasses = '[]', activeProfiles = '{}', propertySourceLocations = '{}', propertySourceProperties = '{org.springframework.boot.test.context.SpringBootTestContextBootstrapper=true}', contextCustomizers = set[org.springframework.boot.test.context.filter.ExcludeFilterContextCustomizer@53fe15ff, org.springframework.boot.test.json.DuplicateJsonObjectContextCustomizerFactory$DuplicateJsonObjectContextCustomizer@5b1669c0, org.springframework.boot.test.mock.mockito.MockitoContextCustomizer@0, org.springframework.boot.test.web.client.TestRestTemplateContextCustomizer@3b0fe47a, org.springframework.boot.test.autoconfigure.actuate.metrics.MetricsExportContextCustomizerFactory$DisableMetricExportContextCustomizer@663c9e7a, org.springframework.boot.test.autoconfigure.properties.PropertyMappingContextCustomizer@0, org.springframework.boot.test.autoconfigure.web.servlet.WebDriverContextCustomizerFactory$Customizer@5afa3c9, org.springframework.boot.test.context.SpringBootTestArgs@1, org.springframework.boot.test.context.SpringBootTestWebEnvironment@5427c60c], resourceBasePath = 'src/main/webapp', contextLoader = 'org.springframework.boot.test.context.SpringBootContextLoader', parent = [null]], attributes = map['org.springframework.test.context.web.ServletTestExecutionListener.activateListener' -> true]], class annotated with @DirtiesContext [false] with mode [null].

  .   ____          _            __ _ _
 /\\ / ___'_ __ _ _(_)_ __  __ _ \ \ \ \
( ( )\___ | '_ | '_| | '_ \/ _` | \ \ \ \
 \\/  ___)| |_)| | | | | || (_| |  ) ) ) )
  '  |____| .__|_| |_|_| |_\__, | / / / /
 =========|_|==============|___/=/_/_/_/
 :: Spring Boot ::               (v2.6.13)

2025-12-30 20:54:08.448  INFO 7392 --- [           main] com.kkk.backend.BackendApplicationTests  : Starting BackendApplicationTests using Java 17.0.8 on WY with PID 7392 (started by lenovo in D:\Webproject\campus-lost-found-system\backend)
2025-12-30 20:54:08.449  INFO 7392 --- [           main] com.kkk.backend.BackendApplicationTests  : No active profile set, falling back to 1 default profile: "default"
2025-12-30 20:54:09.277  INFO 7392 --- [           main] .s.d.r.c.RepositoryConfigurationDelegate : Bootstrapping Spring Data JPA repositories in DEFAULT mode.
2025-12-30 20:54:09.393  INFO 7392 --- [           main] .s.d.r.c.RepositoryConfigurationDelegate : Finished Spring Data repository scanning in 94 ms. Found 3 JPA repository interfaces.
2025-12-30 20:54:10.238  INFO 7392 --- [           main] com.zaxxer.hikari.HikariDataSource       : HikariPool-1 - Starting...
2025-12-30 20:54:10.884  INFO 7392 --- [           main] com.zaxxer.hikari.HikariDataSource       : HikariPool-1 - Start completed.
2025-12-30 20:54:10.973  INFO 7392 --- [           main] o.hibernate.jpa.internal.util.LogHelper  : HHH000204: Processing PersistenceUnitInfo [name: default]
2025-12-30 20:54:11.054  INFO 7392 --- [           main] org.hibernate.Version                    : HHH000412: Hibernate ORM core version 5.6.12.Final
2025-12-30 20:54:11.364  INFO 7392 --- [           main] o.hibernate.annotations.common.Version   : HCANN000001: Hibernate Commons Annotations {5.1.2.Final}
2025-12-30 20:54:11.555  INFO 7392 --- [           main] org.hibernate.dialect.Dialect            : HHH000400: Using dialect: org.hibernate.dialect.MySQL8Dialect
2025-12-30 20:54:12.112  INFO 7392 --- [           main] o.h.e.t.j.p.i.JtaPlatformInitiator       : HHH000490: Using JtaPlatform implementation: [org.hibernate.engine.transaction.jta.platform.internal.NoJtaPlatform]
2025-12-30 20:54:12.118  INFO 7392 --- [           main] j.LocalContainerEntityManagerFactoryBean : Initialized JPA EntityManagerFactory for persistence unit 'default'
2025-12-30 20:54:13.310  WARN 7392 --- [           main] .s.s.UserDetailsServiceAutoConfiguration : 

Using generated security password: d5e0a9c3-ca94-406a-b39c-2b5db2aa301f

This generated password is for development use only. Your security configuration must be updated before running your application in production.

2025-12-30 20:54:13.480  INFO 7392 --- [           main] o.s.s.web.DefaultSecurityFilterChain     : Will secure any request with [org.springframework.security.web.context.request.async.WebAsyncManagerIntegrationFilter@4a34de5e, org.springframework.security.web.context.SecurityContextPersistenceFilter@4b4228cf, org.springframework.security.web.header.HeaderWriterFilter@351d726c, org.springframework.web.filter.CorsFilter@48da5106, org.springframework.security.web.authentication.logout.LogoutFilter@56b48163, com.kkk.backend.security.JwtFilter@4c5e4bfa, org.springframework.security.web.savedrequest.RequestCacheAwareFilter@268e30d4, org.springframework.security.web.servletapi.SecurityContextHolderAwareRequestFilter@7c50709a, org.springframework.security.web.authentication.AnonymousAuthenticationFilter@31cddb11, org.springframework.security.web.session.SessionManagementFilter@28d7bd6b, org.springframework.security.web.access.ExceptionTranslationFilter@57806346, org.springframework.security.web.access.intercept.FilterSecurityInterceptor@4c599679]
2025-12-30 20:54:13.839  WARN 7392 --- [           main] JpaBaseConfiguration$JpaWebConfiguration : spring.jpa.open-in-view is enabled by default. Therefore, database queries may be performed during view rendering. Explicitly configure spring.jpa.open-in-view to disable this warning
2025-12-30 20:54:14.370  INFO 7392 --- [           main] o.s.b.a.w.s.WelcomePageHandlerMapping    : Adding welcome page: class path resource [static/index.html]
2025-12-30 20:54:14.908  INFO 7392 --- [           main] com.kkk.backend.BackendApplicationTests  : Started BackendApplicationTests in 6.856 seconds (JVM running for 8.226)
]]></system-out>
  </testcase>
</testsuite>