{"D:\\Webproject\\Campus-lostfound-system\\frontend\\src\\api\\admin.js": {"path":"D:\\Webproject\\Campus-lostfound-system\\frontend\\src\\api\\admin.js","statementMap":{"0":{"start":{"line":5,"column":29},"end":{"line":7,"column":1}},"1":{"start":{"line":6,"column":2},"end":{"line":6,"column":38}},"2":{"start":{"line":10,"column":31},"end":{"line":12,"column":1}},"3":{"start":{"line":11,"column":2},"end":{"line":11,"column":55}},"4":{"start":{"line":15,"column":32},"end":{"line":17,"column":1}},"5":{"start":{"line":16,"column":2},"end":{"line":16,"column":56}},"6":{"start":{"line":20,"column":35},"end":{"line":22,"column":1}},"7":{"start":{"line":21,"column":2},"end":{"line":21,"column":52}},"8":{"start":{"line":25,"column":36},"end":{"line":27,"column":1}},"9":{"start":{"line":26,"column":2},"end":{"line":26,"column":53}},"10":{"start":{"line":30,"column":27},"end":{"line":32,"column":1}},"11":{"start":{"line":31,"column":2},"end":{"line":31,"column":38}},"12":{"start":{"line":35,"column":30},"end":{"line":39,"column":null}},"13":{"start":{"line":36,"column":2},"end":{"line":38,"column":4}}},"fnMap":{"0":{"name":"(anonymous_0)","decl":{"start":{"line":5,"column":29},"end":{"line":5,"column":30}},"loc":{"start":{"line":5,"column":35},"end":{"line":7,"column":1}},"line":5},"1":{"name":"(anonymous_1)","decl":{"start":{"line":10,"column":31},"end":{"line":10,"column":32}},"loc":{"start":{"line":10,"column":48},"end":{"line":12,"column":1}},"line":10},"2":{"name":"(anonymous_2)","decl":{"start":{"line":15,"column":32},"end":{"line":15,"column":33}},"loc":{"start":{"line":15,"column":49},"end":{"line":17,"column":1}},"line":15},"3":{"name":"(anonymous_3)","decl":{"start":{"line":20,"column":35},"end":{"line":20,"column":36}},"loc":{"start":{"line":20,"column":43},"end":{"line":22,"column":1}},"line":20},"4":{"name":"(anonymous_4)","decl":{"start":{"line":25,"column":36},"end":{"line":25,"column":37}},"loc":{"start":{"line":25,"column":44},"end":{"line":27,"column":1}},"line":25},"5":{"name":"(anonymous_5)","decl":{"start":{"line":30,"column":27},"end":{"line":30,"column":28}},"loc":{"start":{"line":30,"column":33},"end":{"line":32,"column":1}},"line":30},"6":{"name":"(anonymous_6)","decl":{"start":{"line":35,"column":30},"end":{"line":35,"column":31}},"loc":{"start":{"line":35,"column":44},"end":{"line":39,"column":null}},"line":35}},"branchMap":{"0":{"loc":{"start":{"line":10,"column":32},"end":{"line":10,"column":43}},"type":"default-arg","locations":[{"start":{"line":10,"column":41},"end":{"line":10,"column":43}}],"line":10},"1":{"loc":{"start":{"line":15,"column":33},"end":{"line":15,"column":44}},"type":"default-arg","locations":[{"start":{"line":15,"column":42},"end":{"line":15,"column":44}}],"line":15}},"s":{"0":1,"1":2,"2":1,"3":1,"4":1,"5":1,"6":1,"7":2,"8":1,"9":2,"10":1,"11":1,"12":1,"13":2},"f":{"0":2,"1":1,"2":1,"3":2,"4":2,"5":1,"6":2},"b":{"0":[1],"1":[1]},"meta":{"lastBranch":2,"lastFunction":7,"lastStatement":14,"seen":{"s:5:29:7:1":0,"f:5:29:5:30":0,"s:6:2:6:38":1,"s:10:31:12:1":2,"f:10:31:10:32":1,"b:10:41:10:43":0,"s:11:2:11:55":3,"s:15:32:17:1":4,"f:15:32:15:33":2,"b:15:42:15:44":1,"s:16:2:16:56":5,"s:20:35:22:1":6,"f:20:35:20:36":3,"s:21:2:21:52":7,"s:25:36:27:1":8,"f:25:36:25:37":4,"s:26:2:26:53":9,"s:30:27:32:1":10,"f:30:27:30:28":5,"s:31:2:31:38":11,"s:35:30:39:Infinity":12,"f:35:30:35:31":6,"s:36:2:38:4":13}}}
,"D:\\Webproject\\Campus-lostfound-system\\frontend\\src\\api\\axios.js": {"path":"D:\\Webproject\\Campus-lostfound-system\\frontend\\src\\api\\axios.js","statementMap":{"0":{"start":{"line":6,"column":17},"end":{"line":9,"column":null}},"1":{"start":{"line":12,"column":0},"end":{"line":18,"column":null}},"2":{"start":{"line":13,"column":16},"end":{"line":13,"column":null}},"3":{"start":{"line":14,"column":2},"end":{"line":16,"column":null}},"4":{"start":{"line":15,"column":4},"end":{"line":15,"column":null}},"5":{"start":{"line":17,"column":2},"end":{"line":17,"column":null}},"6":{"start":{"line":21,"column":0},"end":{"line":32,"column":null}},"7":{"start":{"line":22,"column":9},"end":{"line":22,"column":17}},"8":{"start":{"line":24,"column":4},"end":{"line":29,"column":null}},"9":{"start":{"line":25,"column":6},"end":{"line":25,"column":null}},"10":{"start":{"line":26,"column":6},"end":{"line":26,"column":null}},"11":{"start":{"line":28,"column":6},"end":{"line":28,"column":null}},"12":{"start":{"line":30,"column":4},"end":{"line":30,"column":null}}},"fnMap":{"0":{"name":"(anonymous_0)","decl":{"start":{"line":12,"column":34},"end":{"line":12,"column":40}},"loc":{"start":{"line":12,"column":44},"end":{"line":18,"column":1}},"line":12},"1":{"name":"(anonymous_1)","decl":{"start":{"line":22,"column":2},"end":{"line":22,"column":5}},"loc":{"start":{"line":22,"column":9},"end":{"line":22,"column":17}},"line":22},"2":{"name":"(anonymous_2)","decl":{"start":{"line":23,"column":2},"end":{"line":23,"column":5}},"loc":{"start":{"line":23,"column":9},"end":{"line":31,"column":null}},"line":23}},"branchMap":{"0":{"loc":{"start":{"line":14,"column":2},"end":{"line":16,"column":null}},"type":"if","locations":[{"start":{"line":14,"column":2},"end":{"line":16,"column":null}},{"start":{},"end":{}}],"line":14},"1":{"loc":{"start":{"line":24,"column":4},"end":{"line":29,"column":null}},"type":"if","locations":[{"start":{"line":24,"column":4},"end":{"line":29,"column":null}},{"start":{"line":27,"column":11},"end":{"line":29,"column":null}}],"line":24},"2":{"loc":{"start":{"line":28,"column":22},"end":{"line":28,"column":59}},"type":"binary-expr","locations":[{"start":{"line":28,"column":22},"end":{"line":28,"column":49}},{"start":{"line":28,"column":53},"end":{"line":28,"column":59}}],"line":28}},"s":{"0":0,"1":0,"2":0,"3":0,"4":0,"5":0,"6":0,"7":0,"8":0,"9":0,"10":0,"11":0,"12":0},"f":{"0":0,"1":0,"2":0},"b":{"0":[0,0],"1":[0,0],"2":[0,0]},"meta":{"lastBranch":3,"lastFunction":3,"lastStatement":13,"seen":{"s:6:17:9:Infinity":0,"s:12:0:18:Infinity":1,"f:12:34:12:40":0,"s:13:16:13:Infinity":2,"b:14:2:16:Infinity:undefined:undefined:undefined:undefined":0,"s:14:2:16:Infinity":3,"s:15:4:15:Infinity":4,"s:17:2:17:Infinity":5,"s:21:0:32:Infinity":6,"f:22:2:22:5":1,"s:22:9:22:17":7,"f:23:2:23:5":2,"b:24:4:29:Infinity:27:11:29:Infinity":1,"s:24:4:29:Infinity":8,"s:25:6:25:Infinity":9,"s:26:6:26:Infinity":10,"s:28:6:28:Infinity":11,"b:28:22:28:49:28:53:28:59":2,"s:30:4:30:Infinity":12}}}
,"D:\\Webproject\\Campus-lostfound-system\\frontend\\src\\api\\found.js": {"path":"D:\\Webproject\\Campus-lostfound-system\\frontend\\src\\api\\found.js","statementMap":{"0":{"start":{"line":5,"column":28},"end":{"line":7,"column":1}},"1":{"start":{"line":6,"column":2},"end":{"line":6,"column":45}},"2":{"start":{"line":10,"column":30},"end":{"line":12,"column":1}},"3":{"start":{"line":11,"column":2},"end":{"line":11,"column":39}},"4":{"start":{"line":15,"column":32},"end":{"line":17,"column":1}},"5":{"start":{"line":16,"column":2},"end":{"line":16,"column":40}},"6":{"start":{"line":20,"column":31},"end":{"line":22,"column":1}},"7":{"start":{"line":21,"column":2},"end":{"line":21,"column":45}},"8":{"start":{"line":25,"column":31},"end":{"line":27,"column":1}},"9":{"start":{"line":26,"column":2},"end":{"line":26,"column":42}},"10":{"start":{"line":30,"column":33},"end":{"line":34,"column":1}},"11":{"start":{"line":31,"column":2},"end":{"line":33,"column":4}},"12":{"start":{"line":37,"column":31},"end":{"line":39,"column":null}},"13":{"start":{"line":38,"column":2},"end":{"line":38,"column":36}}},"fnMap":{"0":{"name":"(anonymous_0)","decl":{"start":{"line":5,"column":28},"end":{"line":5,"column":29}},"loc":{"start":{"line":5,"column":45},"end":{"line":7,"column":1}},"line":5},"1":{"name":"(anonymous_1)","decl":{"start":{"line":10,"column":30},"end":{"line":10,"column":32}},"loc":{"start":{"line":10,"column":36},"end":{"line":12,"column":1}},"line":10},"2":{"name":"(anonymous_2)","decl":{"start":{"line":15,"column":32},"end":{"line":15,"column":36}},"loc":{"start":{"line":15,"column":40},"end":{"line":17,"column":1}},"line":15},"3":{"name":"(anonymous_3)","decl":{"start":{"line":20,"column":31},"end":{"line":20,"column":32}},"loc":{"start":{"line":20,"column":45},"end":{"line":22,"column":1}},"line":20},"4":{"name":"(anonymous_4)","decl":{"start":{"line":25,"column":31},"end":{"line":25,"column":33}},"loc":{"start":{"line":25,"column":37},"end":{"line":27,"column":1}},"line":25},"5":{"name":"(anonymous_5)","decl":{"start":{"line":30,"column":33},"end":{"line":30,"column":34}},"loc":{"start":{"line":30,"column":49},"end":{"line":34,"column":1}},"line":30},"6":{"name":"(anonymous_6)","decl":{"start":{"line":37,"column":31},"end":{"line":37,"column":32}},"loc":{"start":{"line":37,"column":37},"end":{"line":39,"column":null}},"line":37}},"branchMap":{"0":{"loc":{"start":{"line":5,"column":29},"end":{"line":5,"column":40}},"type":"default-arg","locations":[{"start":{"line":5,"column":38},"end":{"line":5,"column":40}}],"line":5}},"s":{"0":1,"1":1,"2":1,"3":2,"4":1,"5":2,"6":1,"7":1,"8":1,"9":2,"10":1,"11":1,"12":1,"13":1},"f":{"0":1,"1":2,"2":2,"3":1,"4":2,"5":1,"6":1},"b":{"0":[1]},"meta":{"lastBranch":1,"lastFunction":7,"lastStatement":14,"seen":{"s:5:28:7:1":0,"f:5:28:5:29":0,"b:5:38:5:40":0,"s:6:2:6:45":1,"s:10:30:12:1":2,"f:10:30:10:32":1,"s:11:2:11:39":3,"s:15:32:17:1":4,"f:15:32:15:36":2,"s:16:2:16:40":5,"s:20:31:22:1":6,"f:20:31:20:32":3,"s:21:2:21:45":7,"s:25:31:27:1":8,"f:25:31:25:33":4,"s:26:2:26:42":9,"s:30:33:34:1":10,"f:30:33:30:34":5,"s:31:2:33:4":11,"s:37:31:39:Infinity":12,"f:37:31:37:32":6,"s:38:2:38:36":13}}}
,"D:\\Webproject\\Campus-lostfound-system\\frontend\\src\\api\\lostItem.js": {"path":"D:\\Webproject\\Campus-lostfound-system\\frontend\\src\\api\\lostItem.js","statementMap":{"0":{"start":{"line":4,"column":31},"end":{"line":6,"column":null}},"1":{"start":{"line":5,"column":2},"end":{"line":5,"column":null}},"2":{"start":{"line":9,"column":33},"end":{"line":11,"column":null}},"3":{"start":{"line":10,"column":2},"end":{"line":10,"column":null}},"4":{"start":{"line":14,"column":30},"end":{"line":16,"column":null}},"5":{"start":{"line":15,"column":2},"end":{"line":15,"column":null}},"6":{"start":{"line":19,"column":30},"end":{"line":21,"column":null}},"7":{"start":{"line":20,"column":2},"end":{"line":20,"column":null}},"8":{"start":{"line":24,"column":30},"end":{"line":26,"column":null}},"9":{"start":{"line":25,"column":2},"end":{"line":25,"column":null}},"10":{"start":{"line":29,"column":36},"end":{"line":33,"column":null}},"11":{"start":{"line":30,"column":2},"end":{"line":32,"column":null}},"12":{"start":{"line":36,"column":30},"end":{"line":39,"column":null}},"13":{"start":{"line":37,"column":2},"end":{"line":38,"column":31}},"14":{"start":{"line":38,"column":27},"end":{"line":38,"column":30}}},"fnMap":{"0":{"name":"(anonymous_0)","decl":{"start":{"line":4,"column":31},"end":{"line":4,"column":32}},"loc":{"start":{"line":4,"column":48},"end":{"line":6,"column":null}},"line":4},"1":{"name":"(anonymous_1)","decl":{"start":{"line":9,"column":33},"end":{"line":9,"column":35}},"loc":{"start":{"line":9,"column":39},"end":{"line":11,"column":null}},"line":9},"2":{"name":"(anonymous_2)","decl":{"start":{"line":14,"column":30},"end":{"line":14,"column":34}},"loc":{"start":{"line":14,"column":38},"end":{"line":16,"column":null}},"line":14},"3":{"name":"(anonymous_3)","decl":{"start":{"line":19,"column":30},"end":{"line":19,"column":31}},"loc":{"start":{"line":19,"column":44},"end":{"line":21,"column":null}},"line":19},"4":{"name":"(anonymous_4)","decl":{"start":{"line":24,"column":30},"end":{"line":24,"column":32}},"loc":{"start":{"line":24,"column":36},"end":{"line":26,"column":null}},"line":24},"5":{"name":"(anonymous_5)","decl":{"start":{"line":29,"column":36},"end":{"line":29,"column":37}},"loc":{"start":{"line":29,"column":52},"end":{"line":33,"column":null}},"line":29},"6":{"name":"(anonymous_6)","decl":{"start":{"line":36,"column":30},"end":{"line":36,"column":31}},"loc":{"start":{"line":36,"column":36},"end":{"line":39,"column":null}},"line":36},"7":{"name":"(anonymous_7)","decl":{"start":{"line":38,"column":20},"end":{"line":38,"column":23}},"loc":{"start":{"line":38,"column":27},"end":{"line":38,"column":30}},"line":38}},"branchMap":{"0":{"loc":{"start":{"line":4,"column":32},"end":{"line":4,"column":43}},"type":"default-arg","locations":[{"start":{"line":4,"column":41},"end":{"line":4,"column":43}}],"line":4}},"s":{"0":1,"1":1,"2":1,"3":2,"4":1,"5":2,"6":1,"7":1,"8":1,"9":2,"10":1,"11":1,"12":1,"13":1,"14":1},"f":{"0":1,"1":2,"2":2,"3":1,"4":2,"5":1,"6":1,"7":1},"b":{"0":[1]},"meta":{"lastBranch":1,"lastFunction":8,"lastStatement":15,"seen":{"s:4:31:6:Infinity":0,"f:4:31:4:32":0,"b:4:41:4:43":0,"s:5:2:5:Infinity":1,"s:9:33:11:Infinity":2,"f:9:33:9:35":1,"s:10:2:10:Infinity":3,"s:14:30:16:Infinity":4,"f:14:30:14:34":2,"s:15:2:15:Infinity":5,"s:19:30:21:Infinity":6,"f:19:30:19:31":3,"s:20:2:20:Infinity":7,"s:24:30:26:Infinity":8,"f:24:30:24:32":4,"s:25:2:25:Infinity":9,"s:29:36:33:Infinity":10,"f:29:36:29:37":5,"s:30:2:32:Infinity":11,"s:36:30:39:Infinity":12,"f:36:30:36:31":6,"s:37:2:38:31":13,"f:38:20:38:23":7,"s:38:27:38:30":14}}}
,"D:\\Webproject\\Campus-lostfound-system\\frontend\\src\\api\\user.js": {"path":"D:\\Webproject\\Campus-lostfound-system\\frontend\\src\\api\\user.js","statementMap":{"0":{"start":{"line":3,"column":30},"end":{"line":5,"column":null}},"1":{"start":{"line":4,"column":2},"end":{"line":4,"column":null}},"2":{"start":{"line":7,"column":30},"end":{"line":9,"column":null}},"3":{"start":{"line":8,"column":2},"end":{"line":8,"column":null}}},"fnMap":{"0":{"name":"(anonymous_0)","decl":{"start":{"line":3,"column":30},"end":{"line":3,"column":31}},"loc":{"start":{"line":3,"column":47},"end":{"line":5,"column":null}},"line":3},"1":{"name":"(anonymous_1)","decl":{"start":{"line":7,"column":30},"end":{"line":7,"column":31}},"loc":{"start":{"line":7,"column":60},"end":{"line":9,"column":null}},"line":7}},"branchMap":{},"s":{"0":1,"1":3,"2":1,"3":3},"f":{"0":3,"1":3},"b":{},"meta":{"lastBranch":0,"lastFunction":2,"lastStatement":4,"seen":{"s:3:30:5:Infinity":0,"f:3:30:3:31":0,"s:4:2:4:Infinity":1,"s:7:30:9:Infinity":2,"f:7:30:7:31":1,"s:8:2:8:Infinity":3}}}
,"D:\\Webproject\\Campus-lostfound-system\\frontend\\src\\components\\AIMatchButton.vue": {"path":"D:\\Webproject\\Campus-lostfound-system\\frontend\\src\\components\\AIMatchButton.vue","statementMap":{"0":{"start":{"line":58,"column":14},"end":{"line":58,"column":null}},"1":{"start":{"line":87,"column":15},"end":{"line":87,"column":26}},"2":{"start":{"line":88,"column":21},"end":{"line":88,"column":32}},"3":{"start":{"line":89,"column":19},"end":{"line":89,"column":29}},"4":{"start":{"line":91,"column":18},"end":{"line":93,"column":2}},"5":{"start":{"line":92,"column":2},"end":{"line":92,"column":56}},"6":{"start":{"line":95,"column":20},"end":{"line":121,"column":1}},"7":{"start":{"line":97,"column":2},"end":{"line":97,"column":27}},"8":{"start":{"line":97,"column":21},"end":{"line":97,"column":27}},"9":{"start":{"line":99,"column":2},"end":{"line":99,"column":22}},"10":{"start":{"line":100,"column":2},"end":{"line":100,"column":28}},"11":{"start":{"line":101,"column":2},"end":{"line":101,"column":26}},"12":{"start":{"line":103,"column":2},"end":{"line":120,"column":3}},"13":{"start":{"line":105,"column":16},"end":{"line":107,"column":41}},"14":{"start":{"line":109,"column":21},"end":{"line":109,"column":42}},"15":{"start":{"line":110,"column":4},"end":{"line":110,"column":37}},"16":{"start":{"line":112,"column":4},"end":{"line":112,"column":35}},"17":{"start":{"line":113,"column":4},"end":{"line":116,"column":5}},"18":{"start":{"line":117,"column":4},"end":{"line":117,"column":35}},"19":{"start":{"line":119,"column":4},"end":{"line":119,"column":25}},"20":{"start":{"line":2,"column":7},"end":{"line":2,"column":null}},"21":{"start":{"line":33,"column":15},"end":{"line":33,"column":38}},"22":{"start":{"line":2,"column":2},"end":{"line":37,"column":null}},"23":{"start":{"line":10,"column":22},"end":{"line":10,"column":22}},"24":{"start":{"line":15,"column":15},"end":{"line":15,"column":null}},"25":{"start":{"line":42,"column":64},"end":{"line":45,"column":20}},"26":{"start":{"line":42,"column":27},"end":{"line":42,"column":50}},"27":{"start":{"line":42,"column":52},"end":{"line":42,"column":64}},"28":{"start":{"line":45,"column":8},"end":{"line":45,"column":20}},"29":{"start":{"line":22,"column":12},"end":{"line":37,"column":null}},"30":{"start":{"line":20,"column":47},"end":{"line":20,"column":57}}},"fnMap":{"0":{"name":"(anonymous_0)","decl":{"start":{"line":91,"column":28},"end":{"line":91,"column":29}},"loc":{"start":{"line":91,"column":34},"end":{"line":93,"column":1}},"line":91},"1":{"name":"(anonymous_1)","decl":{"start":{"line":95,"column":20},"end":{"line":95,"column":25}},"loc":{"start":{"line":95,"column":32},"end":{"line":121,"column":1}},"line":95},"2":{"name":"(anonymous_2)","decl":{"start":{"line":10,"column":6},"end":{"line":10,"column":9}},"loc":{"start":{"line":10,"column":22},"end":{"line":10,"column":22}},"line":10},"3":{"name":"(anonymous_3)","decl":{"start":{"line":15,"column":15},"end":{"line":15,"column":28}},"loc":{"start":{"line":15,"column":15},"end":{"line":15,"column":null}},"line":15},"4":{"name":"(anonymous_4)","decl":{"start":{"line":42,"column":8},"end":{"line":42,"column":20}},"loc":{"start":{"line":42,"column":64},"end":{"line":45,"column":20}},"line":42},"5":{"name":"(anonymous_5)","decl":{"start":{"line":42,"column":25},"end":{"line":42,"column":27}},"loc":{"start":{"line":42,"column":27},"end":{"line":42,"column":50}},"line":42},"6":{"name":"(anonymous_6)","decl":{"start":{"line":42,"column":50},"end":{"line":42,"column":52}},"loc":{"start":{"line":42,"column":52},"end":{"line":42,"column":64}},"line":42},"7":{"name":"(anonymous_7)","decl":{"start":{"line":43,"column":74},"end":{"line":43,"column":null}},"loc":{"start":{"line":45,"column":8},"end":{"line":45,"column":20}},"line":45},"8":{"name":"(anonymous_8)","decl":{"start":{"line":19,"column":6},"end":{"line":19,"column":17}},"loc":{"start":{"line":22,"column":12},"end":{"line":37,"column":null}},"line":22},"9":{"name":"(anonymous_9)","decl":{"start":{"line":20,"column":36},"end":{"line":20,"column":47}},"loc":{"start":{"line":20,"column":47},"end":{"line":20,"column":57}},"line":20}},"branchMap":{"0":{"loc":{"start":{"line":92,"column":9},"end":{"line":92,"column":56}},"type":"cond-expr","locations":[{"start":{"line":92,"column":37},"end":{"line":92,"column":45}},{"start":{"line":92,"column":48},"end":{"line":92,"column":56}}],"line":92},"1":{"loc":{"start":{"line":97,"column":2},"end":{"line":97,"column":27}},"type":"if","locations":[{"start":{"line":97,"column":2},"end":{"line":97,"column":27}},{"start":{},"end":{}}],"line":97},"2":{"loc":{"start":{"line":105,"column":16},"end":{"line":107,"column":41}},"type":"cond-expr","locations":[{"start":{"line":106,"column":8},"end":{"line":106,"column":40}},{"start":{"line":107,"column":8},"end":{"line":107,"column":41}}],"line":105},"3":{"loc":{"start":{"line":115,"column":15},"end":{"line":115,"column":56}},"type":"binary-expr","locations":[{"start":{"line":115,"column":15},"end":{"line":115,"column":44}},{"start":{"line":115,"column":48},"end":{"line":115,"column":56}}],"line":115},"4":{"loc":{"start":{"line":15,"column":15},"end":{"line":15,"column":null}},"type":"binary-expr","locations":[{"start":{"line":15,"column":15},"end":{"line":15,"column":28}},{"start":{"line":15,"column":15},"end":{"line":15,"column":null}}],"line":15},"5":{"loc":{"start":{"line":42,"column":25},"end":{"line":42,"column":50}},"type":"binary-expr","locations":[{"start":{"line":42,"column":25},"end":{"line":42,"column":27}},{"start":{"line":42,"column":25},"end":{"line":42,"column":50}}],"line":42},"6":{"loc":{"start":{"line":42,"column":52},"end":{"line":42,"column":64}},"type":"binary-expr","locations":[{"start":{"line":42,"column":52},"end":{"line":42,"column":64}},{"start":{"line":42,"column":52},"end":{"line":42,"column":64}}],"line":42},"7":{"loc":{"start":{"line":45,"column":8},"end":{"line":45,"column":20}},"type":"binary-expr","locations":[{"start":{"line":45,"column":8},"end":{"line":45,"column":20}},{"start":{"line":45,"column":8},"end":{"line":45,"column":20}}],"line":45},"8":{"loc":{"start":{"line":19,"column":17},"end":{"line":37,"column":null}},"type":"cond-expr","locations":[{"start":{"line":19,"column":6},"end":{"line":21,"column":31}},{"start":{"line":24,"column":22},"end":{"line":37,"column":null}}],"line":19},"9":{"loc":{"start":{"line":21,"column":8},"end":{"line":21,"column":31}},"type":"binary-expr","locations":[{"start":{"line":21,"column":8},"end":{"line":21,"column":14}},{"start":{"line":21,"column":8},"end":{"line":21,"column":31}}],"line":21},"10":{"loc":{"start":{"line":24,"column":22},"end":{"line":37,"column":null}},"type":"cond-expr","locations":[{"start":{"line":24,"column":6},"end":{"line":37,"column":null}}],"line":24},"11":{"loc":{"start":{"line":26,"column":18},"end":{"line":26,"column":null}},"type":"cond-expr","locations":[{"start":{"line":26,"column":37},"end":{"line":26,"column":null}},{"start":{"line":26,"column":37},"end":{"line":26,"column":null}}],"line":26},"12":{"loc":{"start":{"line":27,"column":17},"end":{"line":27,"column":null}},"type":"cond-expr","locations":[{"start":{"line":27,"column":36},"end":{"line":27,"column":null}},{"start":{"line":27,"column":36},"end":{"line":27,"column":null}}],"line":27},"13":{"loc":{"start":{"line":31,"column":19},"end":{"line":37,"column":null}},"type":"cond-expr","locations":[{"start":{"line":31,"column":8},"end":{"line":33,"column":69}},{"start":{"line":36,"column":8},"end":{"line":37,"column":null}}],"line":31},"14":{"loc":{"start":{"line":32,"column":10},"end":{"line":32,"column":26}},"type":"binary-expr","locations":[{"start":{"line":32,"column":10},"end":{"line":32,"column":14}},{"start":{"line":32,"column":10},"end":{"line":32,"column":26}}],"line":32}},"s":{"0":3,"1":3,"2":3,"3":3,"4":3,"5":3,"6":3,"7":2,"8":0,"9":2,"10":2,"11":2,"12":2,"13":2,"14":2,"15":1,"16":1,"17":1,"18":1,"19":2,"20":1,"21":1,"22":7,"23":7,"24":0,"25":7,"26":0,"27":3,"28":7,"29":7,"30":2},"f":{"0":3,"1":2,"2":7,"3":0,"4":7,"5":0,"6":3,"7":7,"8":7,"9":2},"b":{"0":[1,2],"1":[0,2],"2":[1,1],"3":[1,0],"4":[7,3],"5":[7,3],"6":[3,3],"7":[7,3],"8":[2,5],"9":[2,2],"10":[2],"11":[1,1],"12":[1,1],"13":[1,1],"14":[1,1]},"meta":{"lastBranch":0,"lastFunction":0,"lastStatement":0,"seen":{}}}
,"D:\\Webproject\\Campus-lostfound-system\\frontend\\src\\components\\HelloWorld.vue": {"path":"D:\\Webproject\\Campus-lostfound-system\\frontend\\src\\components\\HelloWorld.vue","statementMap":{"0":{"start":{"line":8,"column":13},"end":{"line":8,"column":null}},"1":{"start":{"line":14,"column":7},"end":{"line":14,"column":null}},"2":{"start":{"line":15,"column":34},"end":{"line":15,"column":43}}},"fnMap":{"0":{"name":"(anonymous_0)","decl":{"start":{"line":15,"column":32},"end":{"line":15,"column":34}},"loc":{"start":{"line":15,"column":34},"end":{"line":15,"column":43}},"line":15}},"branchMap":{"0":{"loc":{"start":{"line":15,"column":32},"end":{"line":15,"column":43}},"type":"binary-expr","locations":[{"start":{"line":15,"column":32},"end":{"line":15,"column":34}},{"start":{"line":15,"column":32},"end":{"line":15,"column":43}}],"line":15},"1":{"loc":{"start":{"line":16,"column":4},"end":{"line":19,"column":8}},"type":"binary-expr","locations":[{"start":{"line":16,"column":4},"end":{"line":16,"column":7}},{"start":{"line":16,"column":4},"end":{"line":19,"column":8}}],"line":16},"2":{"loc":{"start":{"line":22,"column":2},"end":{"line":27,"column":6}},"type":"binary-expr","locations":[{"start":{"line":22,"column":2},"end":{"line":22,"column":5}},{"start":{"line":22,"column":2},"end":{"line":27,"column":6}}],"line":22},"3":{"loc":{"start":{"line":28,"column":2},"end":{"line":35,"column":6}},"type":"binary-expr","locations":[{"start":{"line":28,"column":2},"end":{"line":28,"column":5}},{"start":{"line":28,"column":2},"end":{"line":35,"column":6}}],"line":28},"4":{"loc":{"start":{"line":36,"column":2},"end":{"line":36,"column":76}},"type":"binary-expr","locations":[{"start":{"line":36,"column":2},"end":{"line":36,"column":5}},{"start":{"line":36,"column":2},"end":{"line":36,"column":76}}],"line":36}},"s":{"0":2,"1":1,"2":1},"f":{"0":1},"b":{"0":[3,2],"1":[3,2],"2":[3,2],"3":[3,2],"4":[3,2]},"meta":{"lastBranch":0,"lastFunction":0,"lastStatement":0,"seen":{}}}
}
