TN:
SF:src\api\admin.js
FN:5,(anonymous_0)
FN:10,(anonymous_1)
FN:15,(anonymous_2)
FN:20,(anonymous_3)
FN:25,(anonymous_4)
FN:30,(anonymous_5)
FN:35,(anonymous_6)
FNF:7
FNH:7
FNDA:2,(anonymous_0)
FNDA:1,(anonymous_1)
FNDA:1,(anonymous_2)
FNDA:2,(anonymous_3)
FNDA:2,(anonymous_4)
FNDA:1,(anonymous_5)
FNDA:2,(anonymous_6)
DA:5,1
DA:6,2
DA:10,1
DA:11,1
DA:15,1
DA:16,1
DA:20,1
DA:21,2
DA:25,1
DA:26,2
DA:30,1
DA:31,1
DA:35,1
DA:36,2
LF:14
LH:14
BRDA:10,0,0,1
BRDA:15,1,0,1
BRF:2
BRH:2
end_of_record
TN:
SF:src\api\axios.js
FN:12,(anonymous_0)
FN:22,(anonymous_1)
FN:23,(anonymous_2)
FNF:3
FNH:0
FNDA:0,(anonymous_0)
FNDA:0,(anonymous_1)
FNDA:0,(anonymous_2)
DA:6,0
DA:12,0
DA:13,0
DA:14,0
DA:15,0
DA:17,0
DA:21,0
DA:22,0
DA:24,0
DA:25,0
DA:26,0
DA:28,0
DA:30,0
LF:13
LH:0
BRDA:14,0,0,0
BRDA:14,0,1,0
BRDA:24,1,0,0
BRDA:24,1,1,0
BRDA:28,2,0,0
BRDA:28,2,1,0
BRF:6
BRH:0
end_of_record
TN:
SF:src\api\found.js
FN:5,(anonymous_0)
FN:10,(anonymous_1)
FN:15,(anonymous_2)
FN:20,(anonymous_3)
FN:25,(anonymous_4)
FN:30,(anonymous_5)
FN:37,(anonymous_6)
FNF:7
FNH:7
FNDA:1,(anonymous_0)
FNDA:2,(anonymous_1)
FNDA:2,(anonymous_2)
FNDA:1,(anonymous_3)
FNDA:2,(anonymous_4)
FNDA:1,(anonymous_5)
FNDA:1,(anonymous_6)
DA:5,1
DA:6,1
DA:10,1
DA:11,2
DA:15,1
DA:16,2
DA:20,1
DA:21,1
DA:25,1
DA:26,2
DA:30,1
DA:31,1
DA:37,1
DA:38,1
LF:14
LH:14
BRDA:5,0,0,1
BRF:1
BRH:1
end_of_record
TN:
SF:src\api\lostItem.js
FN:4,(anonymous_0)
FN:9,(anonymous_1)
FN:14,(anonymous_2)
FN:19,(anonymous_3)
FN:24,(anonymous_4)
FN:29,(anonymous_5)
FN:36,(anonymous_6)
FN:38,(anonymous_7)
FNF:8
FNH:8
FNDA:1,(anonymous_0)
FNDA:2,(anonymous_1)
FNDA:2,(anonymous_2)
FNDA:1,(anonymous_3)
FNDA:2,(anonymous_4)
FNDA:1,(anonymous_5)
FNDA:1,(anonymous_6)
FNDA:1,(anonymous_7)
DA:4,1
DA:5,1
DA:9,1
DA:10,2
DA:14,1
DA:15,2
DA:19,1
DA:20,1
DA:24,1
DA:25,2
DA:29,1
DA:30,1
DA:36,1
DA:37,1
DA:38,1
LF:15
LH:15
BRDA:4,0,0,1
BRF:1
BRH:1
end_of_record
TN:
SF:src\api\user.js
FN:3,(anonymous_0)
FN:7,(anonymous_1)
FNF:2
FNH:2
FNDA:3,(anonymous_0)
FNDA:3,(anonymous_1)
DA:3,1
DA:4,3
DA:7,1
DA:8,3
LF:4
LH:4
BRF:0
BRH:0
end_of_record
TN:
SF:src\components\AIMatchButton.vue
FN:113,(anonymous_0)
FN:117,(anonymous_1)
FN:10,(anonymous_2)
FN:15,(anonymous_3)
FN:58,(anonymous_4)
FN:58,(anonymous_5)
FN:58,(anonymous_6)
FN:65,(anonymous_7)
FN:19,(anonymous_8)
FN:24,(anonymous_9)
FNF:10
FNH:8
FNDA:3,(anonymous_0)
FNDA:2,(anonymous_1)
FNDA:7,(anonymous_2)
FNDA:0,(anonymous_3)
FNDA:7,(anonymous_4)
FNDA:0,(anonymous_5)
FNDA:3,(anonymous_6)
FNDA:7,(anonymous_7)
FNDA:7,(anonymous_8)
FNDA:2,(anonymous_9)
DA:2,7
DA:10,7
DA:15,0
DA:24,2
DA:27,7
DA:44,1
DA:58,0
DA:60,7
DA:67,7
DA:80,3
DA:109,3
DA:110,3
DA:111,3
DA:113,3
DA:114,3
DA:117,3
DA:119,2
DA:121,2
DA:122,2
DA:123,2
DA:125,2
DA:127,2
DA:131,2
DA:132,1
DA:134,1
DA:135,1
DA:139,1
DA:141,2
LF:28
LH:26
BRDA:114,0,0,1
BRDA:114,0,1,2
BRDA:119,1,0,0
BRDA:119,1,1,2
BRDA:127,2,0,1
BRDA:127,2,1,1
BRDA:137,3,0,1
BRDA:137,3,1,0
BRDA:15,4,0,7
BRDA:15,4,1,3
BRDA:58,5,0,7
BRDA:58,5,1,3
BRDA:60,6,0,3
BRDA:60,6,1,3
BRDA:67,7,0,7
BRDA:67,7,1,3
BRDA:20,8,0,2
BRDA:20,8,1,5
BRDA:26,9,0,2
BRDA:26,9,1,2
BRDA:30,10,0,2
BRDA:34,11,0,1
BRDA:34,11,1,1
BRDA:35,12,0,1
BRDA:35,12,1,1
BRDA:40,13,0,1
BRDA:40,13,1,1
BRDA:43,14,0,1
BRDA:43,14,1,1
BRF:29
BRH:27
end_of_record
TN:
SF:src\components\HelloWorld.vue
FN:17,(anonymous_0)
FNF:1
FNH:1
FNDA:1,(anonymous_0)
DA:8,2
DA:14,1
DA:17,1
LF:3
LH:3
BRDA:17,0,0,3
BRDA:17,0,1,2
BRDA:21,1,0,3
BRDA:21,1,1,2
BRDA:27,2,0,3
BRDA:27,2,1,2
BRDA:34,3,0,3
BRDA:34,3,1,2
BRDA:41,4,0,3
BRDA:41,4,1,2
BRF:10
BRH:10
end_of_record
